[0.606s] Invoking command in '/home/yuhan/lab_2025/src/cv_basics': PYTHONPATH=/home/yuhan/lab_2025/build/cv_basics/prefix_override:/usr/lib/python3/dist-packages/colcon_core/task/python/colcon_distutils_commands:/home/yuhan/lab_2025/install/cv_basics/lib/python3.10/site-packages:${PYTHONPATH} /usr/bin/python3 -W ignore:setup.py install is deprecated -W ignore:easy_install command is deprecated setup.py egg_info --egg-base ../../build/cv_basics build --build-base /home/yuhan/lab_2025/build/cv_basics/build install --record /home/yuhan/lab_2025/build/cv_basics/install.log --single-version-externally-managed install_data
[0.830s] running egg_info
[0.830s] writing ../../build/cv_basics/cv_basics.egg-info/PKG-INFO
[0.831s] writing dependency_links to ../../build/cv_basics/cv_basics.egg-info/dependency_links.txt
[0.831s] writing entry points to ../../build/cv_basics/cv_basics.egg-info/entry_points.txt
[0.831s] writing requirements to ../../build/cv_basics/cv_basics.egg-info/requires.txt
[0.831s] writing top-level names to ../../build/cv_basics/cv_basics.egg-info/top_level.txt
[0.832s] reading manifest file '../../build/cv_basics/cv_basics.egg-info/SOURCES.txt'
[0.833s] writing manifest file '../../build/cv_basics/cv_basics.egg-info/SOURCES.txt'
[0.833s] running build
[0.833s] running build_py
[0.833s] copying cv_basics/inference_pytorch_background.py -> /home/yuhan/lab_2025/build/cv_basics/build/lib/cv_basics
[0.834s] running install
[0.834s] running install_lib
[0.835s] copying /home/yuhan/lab_2025/build/cv_basics/build/lib/cv_basics/inference_pytorch_background.py -> /home/yuhan/lab_2025/install/cv_basics/lib/python3.10/site-packages/cv_basics
[0.835s] byte-compiling /home/yuhan/lab_2025/install/cv_basics/lib/python3.10/site-packages/cv_basics/inference_pytorch_background.py to inference_pytorch_background.cpython-310.pyc
[0.836s] running install_data
[0.837s] running install_egg_info
[0.838s] removing '/home/yuhan/lab_2025/install/cv_basics/lib/python3.10/site-packages/cv_basics-0.0.0-py3.10.egg-info' (and everything under it)
[0.838s] Copying ../../build/cv_basics/cv_basics.egg-info to /home/yuhan/lab_2025/install/cv_basics/lib/python3.10/site-packages/cv_basics-0.0.0-py3.10.egg-info
[0.839s] running install_scripts
[0.859s] Installing inference_yolo_node script to /home/yuhan/lab_2025/install/cv_basics/lib/cv_basics
[0.859s] Installing module_ROS script to /home/yuhan/lab_2025/install/cv_basics/lib/cv_basics
[0.859s] Installing service script to /home/yuhan/lab_2025/install/cv_basics/lib/cv_basics
[0.860s] writing list of installed files to '/home/yuhan/lab_2025/build/cv_basics/install.log'
[0.882s] Invoked command in '/home/yuhan/lab_2025/src/cv_basics' returned '0': PYTHONPATH=/home/yuhan/lab_2025/build/cv_basics/prefix_override:/usr/lib/python3/dist-packages/colcon_core/task/python/colcon_distutils_commands:/home/yuhan/lab_2025/install/cv_basics/lib/python3.10/site-packages:${PYTHONPATH} /usr/bin/python3 -W ignore:setup.py install is deprecated -W ignore:easy_install command is deprecated setup.py egg_info --egg-base ../../build/cv_basics build --build-base /home/yuhan/lab_2025/build/cv_basics/build install --record /home/yuhan/lab_2025/build/cv_basics/install.log --single-version-externally-managed install_data
