[0.103s] [34mcolcon[0m [1;30mDEBUG[0m [32mCommand line arguments: ['/usr/bin/colcon', 'build'][0m
[0.103s] [34mcolcon[0m [1;30mDEBUG[0m [32mParsed command line arguments: Namespace(log_base=None, log_level=None, verb_name='build', build_base='build', install_base='install', merge_install=False, symlink_install=False, test_result_base=None, continue_on_error=False, executor='parallel', parallel_workers=12, event_handlers=None, ignore_user_meta=False, metas=['./colcon.meta'], base_paths=['.'], packages_ignore=None, packages_ignore_regex=None, paths=None, packages_up_to=None, packages_up_to_regex=None, packages_above=None, packages_above_and_dependencies=None, packages_above_depth=None, packages_select_by_dep=None, packages_skip_by_dep=None, packages_skip_up_to=None, packages_select_build_failed=False, packages_skip_build_finished=False, packages_select_test_failures=False, packages_skip_test_passed=False, packages_select=None, packages_skip=None, packages_select_regex=None, packages_skip_regex=None, packages_start=None, packages_end=None, allow_overriding=[], cmake_args=None, cmake_target=None, cmake_target_skip_unavailable=False, cmake_clean_cache=False, cmake_clean_first=False, cmake_force_configure=False, ament_cmake_args=None, catkin_cmake_args=None, catkin_skip_building_tests=False, mixin_files=None, mixin=None, verb_parser=<colcon_mixin.mixin.mixin_argument.MixinArgumentDecorator object at 0x706921736ec0>, verb_extension=<colcon_core.verb.build.BuildVerb object at 0x706921736740>, main=<bound method BuildVerb.main of <colcon_core.verb.build.BuildVerb object at 0x706921736740>>, mixin_verb=('build',))[0m
[0.264s] [34mcolcon.colcon_core.package_discovery[0m [1;30mLevel 1[0m discover_packages(colcon_meta) check parameters
[0.264s] [34mcolcon.colcon_core.package_discovery[0m [1;30mLevel 1[0m discover_packages(recursive) check parameters
[0.264s] [34mcolcon.colcon_core.package_discovery[0m [1;30mLevel 1[0m discover_packages(ignore) check parameters
[0.264s] [34mcolcon.colcon_core.package_discovery[0m [1;30mLevel 1[0m discover_packages(path) check parameters
[0.264s] [34mcolcon.colcon_core.package_discovery[0m [1;30mLevel 1[0m discover_packages(colcon_meta) discover
[0.264s] [34mcolcon.colcon_core.package_discovery[0m [1;30mLevel 1[0m discover_packages(recursive) discover
[0.264s] [34mcolcon.colcon_core.package_discovery[0m [1;30mINFO[0m Crawling recursively for packages in '/home/matthew/Downloads/lab_2025'
[0.264s] [34mcolcon.colcon_core.package_identification[0m [1;30mLevel 1[0m _identify(.) by extensions ['ignore', 'ignore_ament_install']
[0.264s] [34mcolcon.colcon_core.package_identification[0m [1;30mLevel 1[0m _identify(.) by extension 'ignore'
[0.264s] [34mcolcon.colcon_core.package_identification[0m [1;30mLevel 1[0m _identify(.) by extension 'ignore_ament_install'
[0.265s] [34mcolcon.colcon_core.package_identification[0m [1;30mLevel 1[0m _identify(.) by extensions ['colcon_pkg']
[0.265s] [34mcolcon.colcon_core.package_identification[0m [1;30mLevel 1[0m _identify(.) by extension 'colcon_pkg'
[0.265s] [34mcolcon.colcon_core.package_identification[0m [1;30mLevel 1[0m _identify(.) by extensions ['colcon_meta']
[0.265s] [34mcolcon.colcon_core.package_identification[0m [1;30mLevel 1[0m _identify(.) by extension 'colcon_meta'
[0.265s] [34mcolcon.colcon_core.package_identification[0m [1;30mLevel 1[0m _identify(.) by extensions ['ros']
[0.265s] [34mcolcon.colcon_core.package_identification[0m [1;30mLevel 1[0m _identify(.) by extension 'ros'
[0.287s] [34mcolcon.colcon_core.package_identification[0m [1;30mLevel 1[0m _identify(.) by extensions ['cmake', 'python']
[0.287s] [34mcolcon.colcon_core.package_identification[0m [1;30mLevel 1[0m _identify(.) by extension 'cmake'
[0.287s] [34mcolcon.colcon_core.package_identification[0m [1;30mLevel 1[0m _identify(.) by extension 'python'
[0.287s] [34mcolcon.colcon_core.package_identification[0m [1;30mLevel 1[0m _identify(.) by extensions ['python_setup_py']
[0.287s] [34mcolcon.colcon_core.package_identification[0m [1;30mLevel 1[0m _identify(.) by extension 'python_setup_py'
[0.287s] [34mcolcon.colcon_core.package_identification[0m [1;30mLevel 1[0m _identify(build) by extensions ['ignore', 'ignore_ament_install']
[0.287s] [34mcolcon.colcon_core.package_identification[0m [1;30mLevel 1[0m _identify(build) by extension 'ignore'
[0.287s] [34mcolcon.colcon_core.package_identification[0m [1;30mLevel 1[0m _identify(build) ignored
[0.288s] [34mcolcon.colcon_core.package_identification[0m [1;30mLevel 1[0m _identify(docker) by extensions ['ignore', 'ignore_ament_install']
[0.288s] [34mcolcon.colcon_core.package_identification[0m [1;30mLevel 1[0m _identify(docker) by extension 'ignore'
[0.288s] [34mcolcon.colcon_core.package_identification[0m [1;30mLevel 1[0m _identify(docker) by extension 'ignore_ament_install'
[0.288s] [34mcolcon.colcon_core.package_identification[0m [1;30mLevel 1[0m _identify(docker) by extensions ['colcon_pkg']
[0.288s] [34mcolcon.colcon_core.package_identification[0m [1;30mLevel 1[0m _identify(docker) by extension 'colcon_pkg'
[0.288s] [34mcolcon.colcon_core.package_identification[0m [1;30mLevel 1[0m _identify(docker) by extensions ['colcon_meta']
[0.288s] [34mcolcon.colcon_core.package_identification[0m [1;30mLevel 1[0m _identify(docker) by extension 'colcon_meta'
[0.288s] [34mcolcon.colcon_core.package_identification[0m [1;30mLevel 1[0m _identify(docker) by extensions ['ros']
[0.288s] [34mcolcon.colcon_core.package_identification[0m [1;30mLevel 1[0m _identify(docker) by extension 'ros'
[0.288s] [34mcolcon.colcon_core.package_identification[0m [1;30mLevel 1[0m _identify(docker) by extensions ['cmake', 'python']
[0.288s] [34mcolcon.colcon_core.package_identification[0m [1;30mLevel 1[0m _identify(docker) by extension 'cmake'
[0.288s] [34mcolcon.colcon_core.package_identification[0m [1;30mLevel 1[0m _identify(docker) by extension 'python'
[0.288s] [34mcolcon.colcon_core.package_identification[0m [1;30mLevel 1[0m _identify(docker) by extensions ['python_setup_py']
[0.288s] [34mcolcon.colcon_core.package_identification[0m [1;30mLevel 1[0m _identify(docker) by extension 'python_setup_py'
[0.288s] [34mcolcon.colcon_core.package_identification[0m [1;30mLevel 1[0m _identify(example) by extensions ['ignore', 'ignore_ament_install']
[0.288s] [34mcolcon.colcon_core.package_identification[0m [1;30mLevel 1[0m _identify(example) by extension 'ignore'
[0.288s] [34mcolcon.colcon_core.package_identification[0m [1;30mLevel 1[0m _identify(example) by extension 'ignore_ament_install'
[0.288s] [34mcolcon.colcon_core.package_identification[0m [1;30mLevel 1[0m _identify(example) by extensions ['colcon_pkg']
[0.288s] [34mcolcon.colcon_core.package_identification[0m [1;30mLevel 1[0m _identify(example) by extension 'colcon_pkg'
[0.288s] [34mcolcon.colcon_core.package_identification[0m [1;30mLevel 1[0m _identify(example) by extensions ['colcon_meta']
[0.288s] [34mcolcon.colcon_core.package_identification[0m [1;30mLevel 1[0m _identify(example) by extension 'colcon_meta'
[0.288s] [34mcolcon.colcon_core.package_identification[0m [1;30mLevel 1[0m _identify(example) by extensions ['ros']
[0.288s] [34mcolcon.colcon_core.package_identification[0m [1;30mLevel 1[0m _identify(example) by extension 'ros'
[0.288s] [34mcolcon.colcon_core.package_identification[0m [1;30mLevel 1[0m _identify(example) by extensions ['cmake', 'python']
[0.288s] [34mcolcon.colcon_core.package_identification[0m [1;30mLevel 1[0m _identify(example) by extension 'cmake'
[0.288s] [34mcolcon.colcon_core.package_identification[0m [1;30mLevel 1[0m _identify(example) by extension 'python'
[0.289s] [34mcolcon.colcon_core.package_identification[0m [1;30mLevel 1[0m _identify(example) by extensions ['python_setup_py']
[0.289s] [34mcolcon.colcon_core.package_identification[0m [1;30mLevel 1[0m _identify(example) by extension 'python_setup_py'
[0.289s] [34mcolcon.colcon_core.package_identification[0m [1;30mLevel 1[0m _identify(install) by extensions ['ignore', 'ignore_ament_install']
[0.289s] [34mcolcon.colcon_core.package_identification[0m [1;30mLevel 1[0m _identify(install) by extension 'ignore'
[0.289s] [34mcolcon.colcon_core.package_identification[0m [1;30mLevel 1[0m _identify(install) ignored
[0.289s] [34mcolcon.colcon_core.package_identification[0m [1;30mLevel 1[0m _identify(log) by extensions ['ignore', 'ignore_ament_install']
[0.289s] [34mcolcon.colcon_core.package_identification[0m [1;30mLevel 1[0m _identify(log) by extension 'ignore'
[0.289s] [34mcolcon.colcon_core.package_identification[0m [1;30mLevel 1[0m _identify(log) ignored
[0.289s] [34mcolcon.colcon_core.package_identification[0m [1;30mLevel 1[0m _identify(src) by extensions ['ignore', 'ignore_ament_install']
[0.289s] [34mcolcon.colcon_core.package_identification[0m [1;30mLevel 1[0m _identify(src) by extension 'ignore'
[0.289s] [34mcolcon.colcon_core.package_identification[0m [1;30mLevel 1[0m _identify(src) by extension 'ignore_ament_install'
[0.289s] [34mcolcon.colcon_core.package_identification[0m [1;30mLevel 1[0m _identify(src) by extensions ['colcon_pkg']
[0.289s] [34mcolcon.colcon_core.package_identification[0m [1;30mLevel 1[0m _identify(src) by extension 'colcon_pkg'
[0.289s] [34mcolcon.colcon_core.package_identification[0m [1;30mLevel 1[0m _identify(src) by extensions ['colcon_meta']
[0.289s] [34mcolcon.colcon_core.package_identification[0m [1;30mLevel 1[0m _identify(src) by extension 'colcon_meta'
[0.289s] [34mcolcon.colcon_core.package_identification[0m [1;30mLevel 1[0m _identify(src) by extensions ['ros']
[0.289s] [34mcolcon.colcon_core.package_identification[0m [1;30mLevel 1[0m _identify(src) by extension 'ros'
[0.289s] [34mcolcon.colcon_core.package_identification[0m [1;30mLevel 1[0m _identify(src) by extensions ['cmake', 'python']
[0.289s] [34mcolcon.colcon_core.package_identification[0m [1;30mLevel 1[0m _identify(src) by extension 'cmake'
[0.289s] [34mcolcon.colcon_core.package_identification[0m [1;30mLevel 1[0m _identify(src) by extension 'python'
[0.289s] [34mcolcon.colcon_core.package_identification[0m [1;30mLevel 1[0m _identify(src) by extensions ['python_setup_py']
[0.289s] [34mcolcon.colcon_core.package_identification[0m [1;30mLevel 1[0m _identify(src) by extension 'python_setup_py'
[0.290s] [34mcolcon.colcon_core.package_identification[0m [1;30mLevel 1[0m _identify(src/cv_basics) by extensions ['ignore', 'ignore_ament_install']
[0.290s] [34mcolcon.colcon_core.package_identification[0m [1;30mLevel 1[0m _identify(src/cv_basics) by extension 'ignore'
[0.290s] [34mcolcon.colcon_core.package_identification[0m [1;30mLevel 1[0m _identify(src/cv_basics) by extension 'ignore_ament_install'
[0.290s] [34mcolcon.colcon_core.package_identification[0m [1;30mLevel 1[0m _identify(src/cv_basics) by extensions ['colcon_pkg']
[0.290s] [34mcolcon.colcon_core.package_identification[0m [1;30mLevel 1[0m _identify(src/cv_basics) by extension 'colcon_pkg'
[0.290s] [34mcolcon.colcon_core.package_identification[0m [1;30mLevel 1[0m _identify(src/cv_basics) by extensions ['colcon_meta']
[0.290s] [34mcolcon.colcon_core.package_identification[0m [1;30mLevel 1[0m _identify(src/cv_basics) by extension 'colcon_meta'
[0.290s] [34mcolcon.colcon_core.package_identification[0m [1;30mLevel 1[0m _identify(src/cv_basics) by extensions ['ros']
[0.290s] [34mcolcon.colcon_core.package_identification[0m [1;30mLevel 1[0m _identify(src/cv_basics) by extension 'ros'
[0.293s] [34mcolcon.colcon_core.package_identification[0m [1;30mDEBUG[0m [32mPackage 'src/cv_basics' with type 'ros.ament_python' and name 'cv_basics'[0m
[0.293s] [34mcolcon.colcon_core.package_identification[0m [1;30mLevel 1[0m _identify(src/two_wheeled_robot) by extensions ['ignore', 'ignore_ament_install']
[0.293s] [34mcolcon.colcon_core.package_identification[0m [1;30mLevel 1[0m _identify(src/two_wheeled_robot) by extension 'ignore'
[0.293s] [34mcolcon.colcon_core.package_identification[0m [1;30mLevel 1[0m _identify(src/two_wheeled_robot) by extension 'ignore_ament_install'
[0.293s] [34mcolcon.colcon_core.package_identification[0m [1;30mLevel 1[0m _identify(src/two_wheeled_robot) by extensions ['colcon_pkg']
[0.293s] [34mcolcon.colcon_core.package_identification[0m [1;30mLevel 1[0m _identify(src/two_wheeled_robot) by extension 'colcon_pkg'
[0.293s] [34mcolcon.colcon_core.package_identification[0m [1;30mLevel 1[0m _identify(src/two_wheeled_robot) by extensions ['colcon_meta']
[0.293s] [34mcolcon.colcon_core.package_identification[0m [1;30mLevel 1[0m _identify(src/two_wheeled_robot) by extension 'colcon_meta'
[0.293s] [34mcolcon.colcon_core.package_identification[0m [1;30mLevel 1[0m _identify(src/two_wheeled_robot) by extensions ['ros']
[0.293s] [34mcolcon.colcon_core.package_identification[0m [1;30mLevel 1[0m _identify(src/two_wheeled_robot) by extension 'ros'
[0.294s] [34mcolcon.colcon_core.package_identification[0m [1;30mDEBUG[0m [32mPackage 'src/two_wheeled_robot' with type 'ros.ament_cmake' and name 'two_wheeled_robot'[0m
[0.294s] [34mcolcon.colcon_core.package_discovery[0m [1;30mLevel 1[0m discover_packages(recursive) using defaults
[0.294s] [34mcolcon.colcon_core.package_discovery[0m [1;30mLevel 1[0m discover_packages(ignore) discover
[0.294s] [34mcolcon.colcon_core.package_discovery[0m [1;30mLevel 1[0m discover_packages(ignore) using defaults
[0.294s] [34mcolcon.colcon_core.package_discovery[0m [1;30mLevel 1[0m discover_packages(path) discover
[0.294s] [34mcolcon.colcon_core.package_discovery[0m [1;30mLevel 1[0m discover_packages(path) using defaults
[0.308s] [34mcolcon.colcon_core.package_discovery[0m [1;30mLevel 1[0m discover_packages(prefix_path) check parameters
[0.308s] [34mcolcon.colcon_core.package_discovery[0m [1;30mLevel 1[0m discover_packages(prefix_path) discover
[0.310s] [34mcolcon.colcon_installed_package_information.package_discovery[0m [1;30mDEBUG[0m [32mFound 15 installed packages in /home/matthew/turtlebot3_ws/install[0m
[0.312s] [34mcolcon.colcon_installed_package_information.package_discovery[0m [1;30mDEBUG[0m [32mFound 425 installed packages in /opt/ros/humble[0m
[0.315s] [34mcolcon.colcon_core.package_discovery[0m [1;30mLevel 1[0m discover_packages(prefix_path) using defaults
[0.357s] [34mcolcon.colcon_core.verb[0m [1;30mLevel 5[0m set package 'cv_basics' build argument 'cmake_args' from command line to 'None'
[0.357s] [34mcolcon.colcon_core.verb[0m [1;30mLevel 5[0m set package 'cv_basics' build argument 'cmake_target' from command line to 'None'
[0.357s] [34mcolcon.colcon_core.verb[0m [1;30mLevel 5[0m set package 'cv_basics' build argument 'cmake_target_skip_unavailable' from command line to 'False'
[0.357s] [34mcolcon.colcon_core.verb[0m [1;30mLevel 5[0m set package 'cv_basics' build argument 'cmake_clean_cache' from command line to 'False'
[0.357s] [34mcolcon.colcon_core.verb[0m [1;30mLevel 5[0m set package 'cv_basics' build argument 'cmake_clean_first' from command line to 'False'
[0.357s] [34mcolcon.colcon_core.verb[0m [1;30mLevel 5[0m set package 'cv_basics' build argument 'cmake_force_configure' from command line to 'False'
[0.357s] [34mcolcon.colcon_core.verb[0m [1;30mLevel 5[0m set package 'cv_basics' build argument 'ament_cmake_args' from command line to 'None'
[0.357s] [34mcolcon.colcon_core.verb[0m [1;30mLevel 5[0m set package 'cv_basics' build argument 'catkin_cmake_args' from command line to 'None'
[0.357s] [34mcolcon.colcon_core.verb[0m [1;30mLevel 5[0m set package 'cv_basics' build argument 'catkin_skip_building_tests' from command line to 'False'
[0.357s] [34mcolcon.colcon_core.verb[0m [1;30mDEBUG[0m [32mBuilding package 'cv_basics' with the following arguments: {'ament_cmake_args': None, 'build_base': '/home/matthew/Downloads/lab_2025/build/cv_basics', 'catkin_cmake_args': None, 'catkin_skip_building_tests': False, 'cmake_args': None, 'cmake_clean_cache': False, 'cmake_clean_first': False, 'cmake_force_configure': False, 'cmake_target': None, 'cmake_target_skip_unavailable': False, 'install_base': '/home/matthew/Downloads/lab_2025/install/cv_basics', 'merge_install': False, 'path': '/home/matthew/Downloads/lab_2025/src/cv_basics', 'symlink_install': False, 'test_result_base': None}[0m
[0.357s] [34mcolcon.colcon_core.verb[0m [1;30mLevel 5[0m set package 'two_wheeled_robot' build argument 'cmake_args' from command line to 'None'
[0.357s] [34mcolcon.colcon_core.verb[0m [1;30mLevel 5[0m set package 'two_wheeled_robot' build argument 'cmake_target' from command line to 'None'
[0.357s] [34mcolcon.colcon_core.verb[0m [1;30mLevel 5[0m set package 'two_wheeled_robot' build argument 'cmake_target_skip_unavailable' from command line to 'False'
[0.357s] [34mcolcon.colcon_core.verb[0m [1;30mLevel 5[0m set package 'two_wheeled_robot' build argument 'cmake_clean_cache' from command line to 'False'
[0.357s] [34mcolcon.colcon_core.verb[0m [1;30mLevel 5[0m set package 'two_wheeled_robot' build argument 'cmake_clean_first' from command line to 'False'
[0.357s] [34mcolcon.colcon_core.verb[0m [1;30mLevel 5[0m set package 'two_wheeled_robot' build argument 'cmake_force_configure' from command line to 'False'
[0.357s] [34mcolcon.colcon_core.verb[0m [1;30mLevel 5[0m set package 'two_wheeled_robot' build argument 'ament_cmake_args' from command line to 'None'
[0.357s] [34mcolcon.colcon_core.verb[0m [1;30mLevel 5[0m set package 'two_wheeled_robot' build argument 'catkin_cmake_args' from command line to 'None'
[0.357s] [34mcolcon.colcon_core.verb[0m [1;30mLevel 5[0m set package 'two_wheeled_robot' build argument 'catkin_skip_building_tests' from command line to 'False'
[0.358s] [34mcolcon.colcon_core.verb[0m [1;30mDEBUG[0m [32mBuilding package 'two_wheeled_robot' with the following arguments: {'ament_cmake_args': None, 'build_base': '/home/matthew/Downloads/lab_2025/build/two_wheeled_robot', 'catkin_cmake_args': None, 'catkin_skip_building_tests': False, 'cmake_args': None, 'cmake_clean_cache': False, 'cmake_clean_first': False, 'cmake_force_configure': False, 'cmake_target': None, 'cmake_target_skip_unavailable': False, 'install_base': '/home/matthew/Downloads/lab_2025/install/two_wheeled_robot', 'merge_install': False, 'path': '/home/matthew/Downloads/lab_2025/src/two_wheeled_robot', 'symlink_install': False, 'test_result_base': None}[0m
[0.358s] [34mcolcon.colcon_core.executor[0m [1;30mINFO[0m Executing jobs using 'parallel' executor
[0.359s] [34mcolcon.colcon_parallel_executor.executor.parallel[0m [1;30mDEBUG[0m [32mrun_until_complete[0m
[0.359s] [34mcolcon.colcon_ros.task.ament_python.build[0m [1;30mINFO[0m Building ROS package in '/home/matthew/Downloads/lab_2025/src/cv_basics' with build type 'ament_python'
[0.359s] [34mcolcon.colcon_core.shell[0m [1;30mLevel 1[0m create_environment_hook('cv_basics', 'ament_prefix_path')
[0.361s] [34mcolcon.colcon_core.plugin_system[0m [1;30mINFO[0m Skipping extension 'colcon_core.shell.bat': Not used on non-Windows systems
[0.361s] [34mcolcon.colcon_core.shell[0m [1;30mINFO[0m Creating environment hook '/home/matthew/Downloads/lab_2025/install/cv_basics/share/cv_basics/hook/ament_prefix_path.ps1'
[0.361s] [34mcolcon.colcon_core.shell[0m [1;30mINFO[0m Creating environment descriptor '/home/matthew/Downloads/lab_2025/install/cv_basics/share/cv_basics/hook/ament_prefix_path.dsv'
[0.362s] [34mcolcon.colcon_core.shell[0m [1;30mINFO[0m Creating environment hook '/home/matthew/Downloads/lab_2025/install/cv_basics/share/cv_basics/hook/ament_prefix_path.sh'
[0.363s] [34mcolcon.colcon_core.shell[0m [1;30mINFO[0m Skip shell extension 'powershell' for command environment: Not usable outside of PowerShell
[0.363s] [34mcolcon.colcon_core.shell[0m [1;30mDEBUG[0m [32mSkip shell extension 'dsv' for command environment[0m
[0.367s] [34mcolcon.colcon_ros.task.ament_cmake.build[0m [1;30mINFO[0m Building ROS package in '/home/matthew/Downloads/lab_2025/src/two_wheeled_robot' with build type 'ament_cmake'
[0.367s] [34mcolcon.colcon_cmake.task.cmake.build[0m [1;30mINFO[0m Building CMake package in '/home/matthew/Downloads/lab_2025/src/two_wheeled_robot'
[0.368s] [34mcolcon.colcon_core.shell[0m [1;30mINFO[0m Skip shell extension 'powershell' for command environment: Not usable outside of PowerShell
[0.368s] [34mcolcon.colcon_core.shell[0m [1;30mDEBUG[0m [32mSkip shell extension 'dsv' for command environment[0m
[0.622s] [34mcolcon.colcon_core.task.python.build[0m [1;30mINFO[0m Building Python package in '/home/matthew/Downloads/lab_2025/src/cv_basics'
[0.623s] [34mcolcon.colcon_core.shell[0m [1;30mINFO[0m Skip shell extension 'powershell' for command environment: Not usable outside of PowerShell
[0.623s] [34mcolcon.colcon_core.shell[0m [1;30mDEBUG[0m [32mSkip shell extension 'dsv' for command environment[0m
[0.633s] [34mcolcon.colcon_core.event_handler.log_command[0m [1;30mDEBUG[0m [32mInvoking command in '/home/matthew/Downloads/lab_2025/build/two_wheeled_robot': CMAKE_PREFIX_PATH=${CMAKE_PREFIX_PATH}:/home/matthew/turtlebot3_ws/install/turtlebot3_teleop:/home/matthew/turtlebot3_ws/install/turtlebot3_example:/opt/ros/humble /usr/bin/cmake /home/matthew/Downloads/lab_2025/src/two_wheeled_robot -DCMAKE_INSTALL_PREFIX=/home/matthew/Downloads/lab_2025/install/two_wheeled_robot[0m
[1.020s] [34mcolcon.colcon_core.event_handler.log_command[0m [1;30mDEBUG[0m [32mInvoking command in '/home/matthew/Downloads/lab_2025/src/cv_basics': PYTHONPATH=/home/matthew/Downloads/lab_2025/build/cv_basics/prefix_override:/usr/lib/python3/dist-packages/colcon_core/task/python/colcon_distutils_commands:/home/matthew/Downloads/lab_2025/install/cv_basics/lib/python3.10/site-packages:${PYTHONPATH} /usr/bin/python3 -W ignore:setup.py install is deprecated -W ignore:easy_install command is deprecated setup.py egg_info --egg-base ../../build/cv_basics build --build-base /home/matthew/Downloads/lab_2025/build/cv_basics/build install --record /home/matthew/Downloads/lab_2025/build/cv_basics/install.log --single-version-externally-managed install_data[0m
[1.319s] [34mcolcon.colcon_core.event_handler.log_command[0m [1;30mDEBUG[0m [32mInvoked command in '/home/matthew/Downloads/lab_2025/src/cv_basics' returned '0': PYTHONPATH=/home/matthew/Downloads/lab_2025/build/cv_basics/prefix_override:/usr/lib/python3/dist-packages/colcon_core/task/python/colcon_distutils_commands:/home/matthew/Downloads/lab_2025/install/cv_basics/lib/python3.10/site-packages:${PYTHONPATH} /usr/bin/python3 -W ignore:setup.py install is deprecated -W ignore:easy_install command is deprecated setup.py egg_info --egg-base ../../build/cv_basics build --build-base /home/matthew/Downloads/lab_2025/build/cv_basics/build install --record /home/matthew/Downloads/lab_2025/build/cv_basics/install.log --single-version-externally-managed install_data[0m
[1.322s] [34mcolcon.colcon_core.environment[0m [1;30mLevel 1[0m checking '/home/matthew/Downloads/lab_2025/install/cv_basics' for CMake module files
[1.322s] [34mcolcon.colcon_core.environment[0m [1;30mLevel 1[0m checking '/home/matthew/Downloads/lab_2025/install/cv_basics' for CMake config files
[1.323s] [34mcolcon.colcon_core.environment[0m [1;30mLevel 1[0m checking '/home/matthew/Downloads/lab_2025/install/cv_basics/lib'
[1.323s] [34mcolcon.colcon_core.environment[0m [1;30mLevel 1[0m checking '/home/matthew/Downloads/lab_2025/install/cv_basics/bin'
[1.323s] [34mcolcon.colcon_core.environment[0m [1;30mLevel 1[0m checking '/home/matthew/Downloads/lab_2025/install/cv_basics/lib/pkgconfig/cv_basics.pc'
[1.323s] [34mcolcon.colcon_core.environment[0m [1;30mLevel 1[0m checking '/home/matthew/Downloads/lab_2025/install/cv_basics/lib/python3.10/site-packages'
[1.323s] [34mcolcon.colcon_core.shell[0m [1;30mLevel 1[0m create_environment_hook('cv_basics', 'pythonpath')
[1.323s] [34mcolcon.colcon_core.shell[0m [1;30mINFO[0m Creating environment hook '/home/matthew/Downloads/lab_2025/install/cv_basics/share/cv_basics/hook/pythonpath.ps1'
[1.324s] [34mcolcon.colcon_core.shell[0m [1;30mINFO[0m Creating environment descriptor '/home/matthew/Downloads/lab_2025/install/cv_basics/share/cv_basics/hook/pythonpath.dsv'
[1.324s] [34mcolcon.colcon_core.shell[0m [1;30mINFO[0m Creating environment hook '/home/matthew/Downloads/lab_2025/install/cv_basics/share/cv_basics/hook/pythonpath.sh'
[1.325s] [34mcolcon.colcon_core.environment[0m [1;30mLevel 1[0m checking '/home/matthew/Downloads/lab_2025/install/cv_basics/bin'
[1.325s] [34mcolcon.colcon_core.environment[0m [1;30mLevel 1[0m create_environment_scripts_only(cv_basics)
[1.325s] [34mcolcon.colcon_core.shell[0m [1;30mINFO[0m Creating package script '/home/matthew/Downloads/lab_2025/install/cv_basics/share/cv_basics/package.ps1'
[1.326s] [34mcolcon.colcon_core.shell[0m [1;30mINFO[0m Creating package descriptor '/home/matthew/Downloads/lab_2025/install/cv_basics/share/cv_basics/package.dsv'
[1.326s] [34mcolcon.colcon_core.shell[0m [1;30mINFO[0m Creating package script '/home/matthew/Downloads/lab_2025/install/cv_basics/share/cv_basics/package.sh'
[1.327s] [34mcolcon.colcon_core.shell[0m [1;30mINFO[0m Creating package script '/home/matthew/Downloads/lab_2025/install/cv_basics/share/cv_basics/package.bash'
[1.327s] [34mcolcon.colcon_core.shell[0m [1;30mINFO[0m Creating package script '/home/matthew/Downloads/lab_2025/install/cv_basics/share/cv_basics/package.zsh'
[1.328s] [34mcolcon.colcon_core.environment[0m [1;30mLevel 1[0m create_file_with_runtime_dependencies(/home/matthew/Downloads/lab_2025/install/cv_basics/share/colcon-core/packages/cv_basics)
[3.893s] [34mcolcon.colcon_core.event_handler.log_command[0m [1;30mDEBUG[0m [32mInvoked command in '/home/matthew/Downloads/lab_2025/build/two_wheeled_robot' returned '0': CMAKE_PREFIX_PATH=${CMAKE_PREFIX_PATH}:/home/matthew/turtlebot3_ws/install/turtlebot3_teleop:/home/matthew/turtlebot3_ws/install/turtlebot3_example:/opt/ros/humble /usr/bin/cmake /home/matthew/Downloads/lab_2025/src/two_wheeled_robot -DCMAKE_INSTALL_PREFIX=/home/matthew/Downloads/lab_2025/install/two_wheeled_robot[0m
[3.895s] [34mcolcon.colcon_core.event_handler.log_command[0m [1;30mDEBUG[0m [32mInvoking command in '/home/matthew/Downloads/lab_2025/build/two_wheeled_robot': CMAKE_PREFIX_PATH=${CMAKE_PREFIX_PATH}:/home/matthew/turtlebot3_ws/install/turtlebot3_teleop:/home/matthew/turtlebot3_ws/install/turtlebot3_example:/opt/ros/humble /usr/bin/cmake --build /home/matthew/Downloads/lab_2025/build/two_wheeled_robot -- -j12 -l12[0m
[3.943s] [34mcolcon.colcon_core.event_handler.log_command[0m [1;30mDEBUG[0m [32mInvoked command in '/home/matthew/Downloads/lab_2025/build/two_wheeled_robot' returned '0': CMAKE_PREFIX_PATH=${CMAKE_PREFIX_PATH}:/home/matthew/turtlebot3_ws/install/turtlebot3_teleop:/home/matthew/turtlebot3_ws/install/turtlebot3_example:/opt/ros/humble /usr/bin/cmake --build /home/matthew/Downloads/lab_2025/build/two_wheeled_robot -- -j12 -l12[0m
[3.957s] [34mcolcon.colcon_core.event_handler.log_command[0m [1;30mDEBUG[0m [32mInvoking command in '/home/matthew/Downloads/lab_2025/build/two_wheeled_robot': CMAKE_PREFIX_PATH=${CMAKE_PREFIX_PATH}:/home/matthew/turtlebot3_ws/install/turtlebot3_teleop:/home/matthew/turtlebot3_ws/install/turtlebot3_example:/opt/ros/humble /usr/bin/cmake --install /home/matthew/Downloads/lab_2025/build/two_wheeled_robot[0m
[4.079s] [34mcolcon.colcon_core.environment[0m [1;30mLevel 1[0m create_environment_scripts_only(two_wheeled_robot)
[4.080s] [34mcolcon.colcon_core.environment[0m [1;30mLevel 1[0m checking '/home/matthew/Downloads/lab_2025/install/two_wheeled_robot' for CMake module files
[4.083s] [34mcolcon.colcon_core.environment[0m [1;30mLevel 1[0m checking '/home/matthew/Downloads/lab_2025/install/two_wheeled_robot' for CMake config files
[4.178s] [34mcolcon.colcon_core.event_handler.log_command[0m [1;30mDEBUG[0m [32mInvoked command in '/home/matthew/Downloads/lab_2025/build/two_wheeled_robot' returned '0': CMAKE_PREFIX_PATH=${CMAKE_PREFIX_PATH}:/home/matthew/turtlebot3_ws/install/turtlebot3_teleop:/home/matthew/turtlebot3_ws/install/turtlebot3_example:/opt/ros/humble /usr/bin/cmake --install /home/matthew/Downloads/lab_2025/build/two_wheeled_robot[0m
[4.193s] [34mcolcon.colcon_core.shell[0m [1;30mLevel 1[0m create_environment_hook('two_wheeled_robot', 'cmake_prefix_path')
[4.194s] [34mcolcon.colcon_core.shell[0m [1;30mINFO[0m Creating environment hook '/home/matthew/Downloads/lab_2025/install/two_wheeled_robot/share/two_wheeled_robot/hook/cmake_prefix_path.ps1'
[4.194s] [34mcolcon.colcon_core.shell[0m [1;30mINFO[0m Creating environment descriptor '/home/matthew/Downloads/lab_2025/install/two_wheeled_robot/share/two_wheeled_robot/hook/cmake_prefix_path.dsv'
[4.194s] [34mcolcon.colcon_core.shell[0m [1;30mINFO[0m Creating environment hook '/home/matthew/Downloads/lab_2025/install/two_wheeled_robot/share/two_wheeled_robot/hook/cmake_prefix_path.sh'
[4.195s] [34mcolcon.colcon_core.environment[0m [1;30mLevel 1[0m checking '/home/matthew/Downloads/lab_2025/install/two_wheeled_robot/bin'
[4.195s] [34mcolcon.colcon_core.environment[0m [1;30mLevel 1[0m checking '/home/matthew/Downloads/lab_2025/install/two_wheeled_robot/lib/pkgconfig/two_wheeled_robot.pc'
[4.195s] [34mcolcon.colcon_core.environment[0m [1;30mLevel 1[0m checking '/home/matthew/Downloads/lab_2025/install/two_wheeled_robot/lib/python3.10/site-packages'
[4.196s] [34mcolcon.colcon_core.environment[0m [1;30mLevel 1[0m checking '/home/matthew/Downloads/lab_2025/install/two_wheeled_robot/bin'
[4.196s] [34mcolcon.colcon_core.shell[0m [1;30mINFO[0m Creating package script '/home/matthew/Downloads/lab_2025/install/two_wheeled_robot/share/two_wheeled_robot/package.ps1'
[4.197s] [34mcolcon.colcon_core.shell[0m [1;30mINFO[0m Creating package descriptor '/home/matthew/Downloads/lab_2025/install/two_wheeled_robot/share/two_wheeled_robot/package.dsv'
[4.197s] [34mcolcon.colcon_core.shell[0m [1;30mINFO[0m Creating package script '/home/matthew/Downloads/lab_2025/install/two_wheeled_robot/share/two_wheeled_robot/package.sh'
[4.198s] [34mcolcon.colcon_core.shell[0m [1;30mINFO[0m Creating package script '/home/matthew/Downloads/lab_2025/install/two_wheeled_robot/share/two_wheeled_robot/package.bash'
[4.198s] [34mcolcon.colcon_core.shell[0m [1;30mINFO[0m Creating package script '/home/matthew/Downloads/lab_2025/install/two_wheeled_robot/share/two_wheeled_robot/package.zsh'
[4.199s] [34mcolcon.colcon_core.environment[0m [1;30mLevel 1[0m create_file_with_runtime_dependencies(/home/matthew/Downloads/lab_2025/install/two_wheeled_robot/share/colcon-core/packages/two_wheeled_robot)
[4.199s] [34mcolcon.colcon_core.environment[0m [1;30mLevel 1[0m create_environment_scripts_only(two_wheeled_robot)
[4.200s] [34mcolcon.colcon_core.environment[0m [1;30mLevel 1[0m checking '/home/matthew/Downloads/lab_2025/install/two_wheeled_robot' for CMake module files
[4.200s] [34mcolcon.colcon_core.environment[0m [1;30mLevel 1[0m checking '/home/matthew/Downloads/lab_2025/install/two_wheeled_robot' for CMake config files
[4.217s] [34mcolcon.colcon_core.shell[0m [1;30mLevel 1[0m create_environment_hook('two_wheeled_robot', 'cmake_prefix_path')
[4.218s] [34mcolcon.colcon_core.shell[0m [1;30mINFO[0m Creating environment hook '/home/matthew/Downloads/lab_2025/install/two_wheeled_robot/share/two_wheeled_robot/hook/cmake_prefix_path.ps1'
[4.218s] [34mcolcon.colcon_core.shell[0m [1;30mINFO[0m Creating environment descriptor '/home/matthew/Downloads/lab_2025/install/two_wheeled_robot/share/two_wheeled_robot/hook/cmake_prefix_path.dsv'
[4.218s] [34mcolcon.colcon_core.shell[0m [1;30mINFO[0m Creating environment hook '/home/matthew/Downloads/lab_2025/install/two_wheeled_robot/share/two_wheeled_robot/hook/cmake_prefix_path.sh'
[4.219s] [34mcolcon.colcon_core.environment[0m [1;30mLevel 1[0m checking '/home/matthew/Downloads/lab_2025/install/two_wheeled_robot/bin'
[4.219s] [34mcolcon.colcon_core.environment[0m [1;30mLevel 1[0m checking '/home/matthew/Downloads/lab_2025/install/two_wheeled_robot/lib/pkgconfig/two_wheeled_robot.pc'
[4.219s] [34mcolcon.colcon_core.environment[0m [1;30mLevel 1[0m checking '/home/matthew/Downloads/lab_2025/install/two_wheeled_robot/lib/python3.10/site-packages'
[4.219s] [34mcolcon.colcon_core.environment[0m [1;30mLevel 1[0m checking '/home/matthew/Downloads/lab_2025/install/two_wheeled_robot/bin'
[4.219s] [34mcolcon.colcon_core.shell[0m [1;30mINFO[0m Creating package script '/home/matthew/Downloads/lab_2025/install/two_wheeled_robot/share/two_wheeled_robot/package.ps1'
[4.220s] [34mcolcon.colcon_core.shell[0m [1;30mINFO[0m Creating package descriptor '/home/matthew/Downloads/lab_2025/install/two_wheeled_robot/share/two_wheeled_robot/package.dsv'
[4.220s] [34mcolcon.colcon_core.shell[0m [1;30mINFO[0m Creating package script '/home/matthew/Downloads/lab_2025/install/two_wheeled_robot/share/two_wheeled_robot/package.sh'
[4.221s] [34mcolcon.colcon_core.shell[0m [1;30mINFO[0m Creating package script '/home/matthew/Downloads/lab_2025/install/two_wheeled_robot/share/two_wheeled_robot/package.bash'
[4.221s] [34mcolcon.colcon_core.shell[0m [1;30mINFO[0m Creating package script '/home/matthew/Downloads/lab_2025/install/two_wheeled_robot/share/two_wheeled_robot/package.zsh'
[4.221s] [34mcolcon.colcon_core.environment[0m [1;30mLevel 1[0m create_file_with_runtime_dependencies(/home/matthew/Downloads/lab_2025/install/two_wheeled_robot/share/colcon-core/packages/two_wheeled_robot)
[4.221s] [34mcolcon.colcon_parallel_executor.executor.parallel[0m [1;30mDEBUG[0m [32mclosing loop[0m
[4.221s] [34mcolcon.colcon_parallel_executor.executor.parallel[0m [1;30mDEBUG[0m [32mloop closed[0m
[4.222s] [34mcolcon.colcon_parallel_executor.executor.parallel[0m [1;30mDEBUG[0m [32mrun_until_complete finished with '0'[0m
[4.222s] [34mcolcon.colcon_core.event_reactor[0m [1;30mDEBUG[0m [32mjoining thread[0m
[4.228s] [34mcolcon.colcon_core.plugin_system[0m [1;30mINFO[0m Skipping extension 'colcon_notification.desktop_notification.terminal_notifier': Not used on non-Darwin systems
[4.228s] [34mcolcon.colcon_core.plugin_system[0m [1;30mINFO[0m Skipping extension 'colcon_notification.desktop_notification.win32': Not used on non-Windows systems
[4.228s] [34mcolcon.colcon_notification.desktop_notification[0m [1;30mINFO[0m Sending desktop notification using 'notify2'
[4.242s] [34mcolcon.colcon_core.event_reactor[0m [1;30mDEBUG[0m [32mjoined thread[0m
[4.242s] [34mcolcon.colcon_core.shell[0m [1;30mINFO[0m Creating prefix script '/home/matthew/Downloads/lab_2025/install/local_setup.ps1'
[4.243s] [34mcolcon.colcon_core.shell[0m [1;30mINFO[0m Creating prefix util module '/home/matthew/Downloads/lab_2025/install/_local_setup_util_ps1.py'
[4.244s] [34mcolcon.colcon_core.shell[0m [1;30mINFO[0m Creating prefix chain script '/home/matthew/Downloads/lab_2025/install/setup.ps1'
[4.246s] [34mcolcon.colcon_core.shell[0m [1;30mINFO[0m Creating prefix script '/home/matthew/Downloads/lab_2025/install/local_setup.sh'
[4.247s] [34mcolcon.colcon_core.shell[0m [1;30mINFO[0m Creating prefix util module '/home/matthew/Downloads/lab_2025/install/_local_setup_util_sh.py'
[4.248s] [34mcolcon.colcon_core.shell[0m [1;30mINFO[0m Creating prefix chain script '/home/matthew/Downloads/lab_2025/install/setup.sh'
[4.249s] [34mcolcon.colcon_core.shell[0m [1;30mINFO[0m Creating prefix script '/home/matthew/Downloads/lab_2025/install/local_setup.bash'
[4.250s] [34mcolcon.colcon_core.shell[0m [1;30mINFO[0m Creating prefix chain script '/home/matthew/Downloads/lab_2025/install/setup.bash'
[4.252s] [34mcolcon.colcon_core.shell[0m [1;30mINFO[0m Creating prefix script '/home/matthew/Downloads/lab_2025/install/local_setup.zsh'
[4.253s] [34mcolcon.colcon_core.shell[0m [1;30mINFO[0m Creating prefix chain script '/home/matthew/Downloads/lab_2025/install/setup.zsh'
