[0.249s] DEBUG:colcon:Command line arguments: ['/usr/bin/colcon', 'build']
[0.249s] DEBUG:colcon:Parsed command line arguments: Namespace(log_base=None, log_level=None, verb_name='build', build_base='build', install_base='install', merge_install=False, symlink_install=False, test_result_base=None, continue_on_error=False, executor='parallel', parallel_workers=20, event_handlers=None, ignore_user_meta=False, metas=['./colcon.meta'], base_paths=['.'], packages_ignore=None, packages_ignore_regex=None, paths=None, packages_up_to=None, packages_up_to_regex=None, packages_above=None, packages_above_and_dependencies=None, packages_above_depth=None, packages_select_by_dep=None, packages_skip_by_dep=None, packages_skip_up_to=None, packages_select_build_failed=False, packages_skip_build_finished=False, packages_select_test_failures=False, packages_skip_test_passed=False, packages_select=None, packages_skip=None, packages_select_regex=None, packages_skip_regex=None, packages_start=None, packages_end=None, allow_overriding=[], cmake_args=None, cmake_target=None, cmake_target_skip_unavailable=False, cmake_clean_cache=False, cmake_clean_first=False, cmake_force_configure=False, ament_cmake_args=None, catkin_cmake_args=None, catkin_skip_building_tests=False, mixin_files=None, mixin=None, verb_parser=<colcon_mixin.mixin.mixin_argument.MixinArgumentDecorator object at 0x72c7b2c59cc0>, verb_extension=<colcon_core.verb.build.BuildVerb object at 0x72c7b2d5f250>, main=<bound method BuildVerb.main of <colcon_core.verb.build.BuildVerb object at 0x72c7b2d5f250>>, mixin_verb=('build',))
[0.459s] Level 1:colcon.colcon_core.package_discovery:discover_packages(colcon_meta) check parameters
[0.460s] Level 1:colcon.colcon_core.package_discovery:discover_packages(recursive) check parameters
[0.460s] Level 1:colcon.colcon_core.package_discovery:discover_packages(ignore) check parameters
[0.460s] Level 1:colcon.colcon_core.package_discovery:discover_packages(path) check parameters
[0.460s] Level 1:colcon.colcon_core.package_discovery:discover_packages(colcon_meta) discover
[0.460s] Level 1:colcon.colcon_core.package_discovery:discover_packages(recursive) discover
[0.460s] INFO:colcon.colcon_core.package_discovery:Crawling recursively for packages in '/home/yuhan/lab_2025'
[0.460s] Level 1:colcon.colcon_core.package_identification:_identify(.) by extensions ['ignore', 'ignore_ament_install']
[0.460s] Level 1:colcon.colcon_core.package_identification:_identify(.) by extension 'ignore'
[0.460s] Level 1:colcon.colcon_core.package_identification:_identify(.) by extension 'ignore_ament_install'
[0.460s] Level 1:colcon.colcon_core.package_identification:_identify(.) by extensions ['colcon_pkg']
[0.460s] Level 1:colcon.colcon_core.package_identification:_identify(.) by extension 'colcon_pkg'
[0.460s] Level 1:colcon.colcon_core.package_identification:_identify(.) by extensions ['colcon_meta']
[0.460s] Level 1:colcon.colcon_core.package_identification:_identify(.) by extension 'colcon_meta'
[0.460s] Level 1:colcon.colcon_core.package_identification:_identify(.) by extensions ['ros']
[0.460s] Level 1:colcon.colcon_core.package_identification:_identify(.) by extension 'ros'
[0.470s] Level 1:colcon.colcon_core.package_identification:_identify(.) by extensions ['cmake', 'python']
[0.470s] Level 1:colcon.colcon_core.package_identification:_identify(.) by extension 'cmake'
[0.470s] Level 1:colcon.colcon_core.package_identification:_identify(.) by extension 'python'
[0.470s] Level 1:colcon.colcon_core.package_identification:_identify(.) by extensions ['python_setup_py']
[0.470s] Level 1:colcon.colcon_core.package_identification:_identify(.) by extension 'python_setup_py'
[0.471s] Level 1:colcon.colcon_core.package_identification:_identify(build) by extensions ['ignore', 'ignore_ament_install']
[0.471s] Level 1:colcon.colcon_core.package_identification:_identify(build) by extension 'ignore'
[0.471s] Level 1:colcon.colcon_core.package_identification:_identify(build) ignored
[0.471s] Level 1:colcon.colcon_core.package_identification:_identify(docker) by extensions ['ignore', 'ignore_ament_install']
[0.471s] Level 1:colcon.colcon_core.package_identification:_identify(docker) by extension 'ignore'
[0.471s] Level 1:colcon.colcon_core.package_identification:_identify(docker) by extension 'ignore_ament_install'
[0.471s] Level 1:colcon.colcon_core.package_identification:_identify(docker) by extensions ['colcon_pkg']
[0.471s] Level 1:colcon.colcon_core.package_identification:_identify(docker) by extension 'colcon_pkg'
[0.471s] Level 1:colcon.colcon_core.package_identification:_identify(docker) by extensions ['colcon_meta']
[0.471s] Level 1:colcon.colcon_core.package_identification:_identify(docker) by extension 'colcon_meta'
[0.471s] Level 1:colcon.colcon_core.package_identification:_identify(docker) by extensions ['ros']
[0.471s] Level 1:colcon.colcon_core.package_identification:_identify(docker) by extension 'ros'
[0.471s] Level 1:colcon.colcon_core.package_identification:_identify(docker) by extensions ['cmake', 'python']
[0.471s] Level 1:colcon.colcon_core.package_identification:_identify(docker) by extension 'cmake'
[0.471s] Level 1:colcon.colcon_core.package_identification:_identify(docker) by extension 'python'
[0.471s] Level 1:colcon.colcon_core.package_identification:_identify(docker) by extensions ['python_setup_py']
[0.471s] Level 1:colcon.colcon_core.package_identification:_identify(docker) by extension 'python_setup_py'
[0.471s] Level 1:colcon.colcon_core.package_identification:_identify(example) by extensions ['ignore', 'ignore_ament_install']
[0.471s] Level 1:colcon.colcon_core.package_identification:_identify(example) by extension 'ignore'
[0.471s] Level 1:colcon.colcon_core.package_identification:_identify(example) by extension 'ignore_ament_install'
[0.471s] Level 1:colcon.colcon_core.package_identification:_identify(example) by extensions ['colcon_pkg']
[0.471s] Level 1:colcon.colcon_core.package_identification:_identify(example) by extension 'colcon_pkg'
[0.471s] Level 1:colcon.colcon_core.package_identification:_identify(example) by extensions ['colcon_meta']
[0.471s] Level 1:colcon.colcon_core.package_identification:_identify(example) by extension 'colcon_meta'
[0.472s] Level 1:colcon.colcon_core.package_identification:_identify(example) by extensions ['ros']
[0.472s] Level 1:colcon.colcon_core.package_identification:_identify(example) by extension 'ros'
[0.472s] Level 1:colcon.colcon_core.package_identification:_identify(example) by extensions ['cmake', 'python']
[0.472s] Level 1:colcon.colcon_core.package_identification:_identify(example) by extension 'cmake'
[0.472s] Level 1:colcon.colcon_core.package_identification:_identify(example) by extension 'python'
[0.472s] Level 1:colcon.colcon_core.package_identification:_identify(example) by extensions ['python_setup_py']
[0.472s] Level 1:colcon.colcon_core.package_identification:_identify(example) by extension 'python_setup_py'
[0.472s] Level 1:colcon.colcon_core.package_identification:_identify(install) by extensions ['ignore', 'ignore_ament_install']
[0.472s] Level 1:colcon.colcon_core.package_identification:_identify(install) by extension 'ignore'
[0.472s] Level 1:colcon.colcon_core.package_identification:_identify(install) ignored
[0.472s] Level 1:colcon.colcon_core.package_identification:_identify(log) by extensions ['ignore', 'ignore_ament_install']
[0.472s] Level 1:colcon.colcon_core.package_identification:_identify(log) by extension 'ignore'
[0.472s] Level 1:colcon.colcon_core.package_identification:_identify(log) ignored
[0.472s] Level 1:colcon.colcon_core.package_identification:_identify(src) by extensions ['ignore', 'ignore_ament_install']
[0.472s] Level 1:colcon.colcon_core.package_identification:_identify(src) by extension 'ignore'
[0.472s] Level 1:colcon.colcon_core.package_identification:_identify(src) by extension 'ignore_ament_install'
[0.472s] Level 1:colcon.colcon_core.package_identification:_identify(src) by extensions ['colcon_pkg']
[0.472s] Level 1:colcon.colcon_core.package_identification:_identify(src) by extension 'colcon_pkg'
[0.472s] Level 1:colcon.colcon_core.package_identification:_identify(src) by extensions ['colcon_meta']
[0.472s] Level 1:colcon.colcon_core.package_identification:_identify(src) by extension 'colcon_meta'
[0.472s] Level 1:colcon.colcon_core.package_identification:_identify(src) by extensions ['ros']
[0.472s] Level 1:colcon.colcon_core.package_identification:_identify(src) by extension 'ros'
[0.472s] Level 1:colcon.colcon_core.package_identification:_identify(src) by extensions ['cmake', 'python']
[0.472s] Level 1:colcon.colcon_core.package_identification:_identify(src) by extension 'cmake'
[0.472s] Level 1:colcon.colcon_core.package_identification:_identify(src) by extension 'python'
[0.472s] Level 1:colcon.colcon_core.package_identification:_identify(src) by extensions ['python_setup_py']
[0.472s] Level 1:colcon.colcon_core.package_identification:_identify(src) by extension 'python_setup_py'
[0.473s] Level 1:colcon.colcon_core.package_identification:_identify(src/cv_basics) by extensions ['ignore', 'ignore_ament_install']
[0.473s] Level 1:colcon.colcon_core.package_identification:_identify(src/cv_basics) by extension 'ignore'
[0.473s] Level 1:colcon.colcon_core.package_identification:_identify(src/cv_basics) by extension 'ignore_ament_install'
[0.473s] Level 1:colcon.colcon_core.package_identification:_identify(src/cv_basics) by extensions ['colcon_pkg']
[0.473s] Level 1:colcon.colcon_core.package_identification:_identify(src/cv_basics) by extension 'colcon_pkg'
[0.473s] Level 1:colcon.colcon_core.package_identification:_identify(src/cv_basics) by extensions ['colcon_meta']
[0.473s] Level 1:colcon.colcon_core.package_identification:_identify(src/cv_basics) by extension 'colcon_meta'
[0.473s] Level 1:colcon.colcon_core.package_identification:_identify(src/cv_basics) by extensions ['ros']
[0.473s] Level 1:colcon.colcon_core.package_identification:_identify(src/cv_basics) by extension 'ros'
[0.478s] DEBUG:colcon.colcon_core.package_identification:Package 'src/cv_basics' with type 'ros.ament_python' and name 'cv_basics'
[0.478s] Level 1:colcon.colcon_core.package_identification:_identify(src/two_wheeled_robot) by extensions ['ignore', 'ignore_ament_install']
[0.478s] Level 1:colcon.colcon_core.package_identification:_identify(src/two_wheeled_robot) by extension 'ignore'
[0.478s] Level 1:colcon.colcon_core.package_identification:_identify(src/two_wheeled_robot) by extension 'ignore_ament_install'
[0.478s] Level 1:colcon.colcon_core.package_identification:_identify(src/two_wheeled_robot) by extensions ['colcon_pkg']
[0.478s] Level 1:colcon.colcon_core.package_identification:_identify(src/two_wheeled_robot) by extension 'colcon_pkg'
[0.478s] Level 1:colcon.colcon_core.package_identification:_identify(src/two_wheeled_robot) by extensions ['colcon_meta']
[0.478s] Level 1:colcon.colcon_core.package_identification:_identify(src/two_wheeled_robot) by extension 'colcon_meta'
[0.478s] Level 1:colcon.colcon_core.package_identification:_identify(src/two_wheeled_robot) by extensions ['ros']
[0.478s] Level 1:colcon.colcon_core.package_identification:_identify(src/two_wheeled_robot) by extension 'ros'
[0.479s] DEBUG:colcon.colcon_core.package_identification:Package 'src/two_wheeled_robot' with type 'ros.ament_cmake' and name 'two_wheeled_robot'
[0.479s] Level 1:colcon.colcon_core.package_discovery:discover_packages(recursive) using defaults
[0.479s] Level 1:colcon.colcon_core.package_discovery:discover_packages(ignore) discover
[0.479s] Level 1:colcon.colcon_core.package_discovery:discover_packages(ignore) using defaults
[0.479s] Level 1:colcon.colcon_core.package_discovery:discover_packages(path) discover
[0.479s] Level 1:colcon.colcon_core.package_discovery:discover_packages(path) using defaults
[0.521s] Level 1:colcon.colcon_core.package_discovery:discover_packages(prefix_path) check parameters
[0.521s] Level 1:colcon.colcon_core.package_discovery:discover_packages(prefix_path) discover
[0.525s] DEBUG:colcon.colcon_installed_package_information.package_discovery:Found 2 installed packages in /home/yuhan/turtlebot3_ws/install
[0.526s] DEBUG:colcon.colcon_installed_package_information.package_discovery:Found 334 installed packages in /opt/ros/humble
[0.528s] Level 1:colcon.colcon_core.package_discovery:discover_packages(prefix_path) using defaults
[0.567s] Level 5:colcon.colcon_core.verb:set package 'cv_basics' build argument 'cmake_args' from command line to 'None'
[0.567s] Level 5:colcon.colcon_core.verb:set package 'cv_basics' build argument 'cmake_target' from command line to 'None'
[0.567s] Level 5:colcon.colcon_core.verb:set package 'cv_basics' build argument 'cmake_target_skip_unavailable' from command line to 'False'
[0.567s] Level 5:colcon.colcon_core.verb:set package 'cv_basics' build argument 'cmake_clean_cache' from command line to 'False'
[0.567s] Level 5:colcon.colcon_core.verb:set package 'cv_basics' build argument 'cmake_clean_first' from command line to 'False'
[0.567s] Level 5:colcon.colcon_core.verb:set package 'cv_basics' build argument 'cmake_force_configure' from command line to 'False'
[0.567s] Level 5:colcon.colcon_core.verb:set package 'cv_basics' build argument 'ament_cmake_args' from command line to 'None'
[0.567s] Level 5:colcon.colcon_core.verb:set package 'cv_basics' build argument 'catkin_cmake_args' from command line to 'None'
[0.567s] Level 5:colcon.colcon_core.verb:set package 'cv_basics' build argument 'catkin_skip_building_tests' from command line to 'False'
[0.567s] DEBUG:colcon.colcon_core.verb:Building package 'cv_basics' with the following arguments: {'ament_cmake_args': None, 'build_base': '/home/yuhan/lab_2025/build/cv_basics', 'catkin_cmake_args': None, 'catkin_skip_building_tests': False, 'cmake_args': None, 'cmake_clean_cache': False, 'cmake_clean_first': False, 'cmake_force_configure': False, 'cmake_target': None, 'cmake_target_skip_unavailable': False, 'install_base': '/home/yuhan/lab_2025/install/cv_basics', 'merge_install': False, 'path': '/home/yuhan/lab_2025/src/cv_basics', 'symlink_install': False, 'test_result_base': None}
[0.568s] Level 5:colcon.colcon_core.verb:set package 'two_wheeled_robot' build argument 'cmake_args' from command line to 'None'
[0.568s] Level 5:colcon.colcon_core.verb:set package 'two_wheeled_robot' build argument 'cmake_target' from command line to 'None'
[0.568s] Level 5:colcon.colcon_core.verb:set package 'two_wheeled_robot' build argument 'cmake_target_skip_unavailable' from command line to 'False'
[0.568s] Level 5:colcon.colcon_core.verb:set package 'two_wheeled_robot' build argument 'cmake_clean_cache' from command line to 'False'
[0.568s] Level 5:colcon.colcon_core.verb:set package 'two_wheeled_robot' build argument 'cmake_clean_first' from command line to 'False'
[0.568s] Level 5:colcon.colcon_core.verb:set package 'two_wheeled_robot' build argument 'cmake_force_configure' from command line to 'False'
[0.568s] Level 5:colcon.colcon_core.verb:set package 'two_wheeled_robot' build argument 'ament_cmake_args' from command line to 'None'
[0.568s] Level 5:colcon.colcon_core.verb:set package 'two_wheeled_robot' build argument 'catkin_cmake_args' from command line to 'None'
[0.568s] Level 5:colcon.colcon_core.verb:set package 'two_wheeled_robot' build argument 'catkin_skip_building_tests' from command line to 'False'
[0.568s] DEBUG:colcon.colcon_core.verb:Building package 'two_wheeled_robot' with the following arguments: {'ament_cmake_args': None, 'build_base': '/home/yuhan/lab_2025/build/two_wheeled_robot', 'catkin_cmake_args': None, 'catkin_skip_building_tests': False, 'cmake_args': None, 'cmake_clean_cache': False, 'cmake_clean_first': False, 'cmake_force_configure': False, 'cmake_target': None, 'cmake_target_skip_unavailable': False, 'install_base': '/home/yuhan/lab_2025/install/two_wheeled_robot', 'merge_install': False, 'path': '/home/yuhan/lab_2025/src/two_wheeled_robot', 'symlink_install': False, 'test_result_base': None}
[0.568s] INFO:colcon.colcon_core.executor:Executing jobs using 'parallel' executor
[0.569s] DEBUG:colcon.colcon_parallel_executor.executor.parallel:run_until_complete
[0.569s] INFO:colcon.colcon_ros.task.ament_python.build:Building ROS package in '/home/yuhan/lab_2025/src/cv_basics' with build type 'ament_python'
[0.569s] Level 1:colcon.colcon_core.shell:create_environment_hook('cv_basics', 'ament_prefix_path')
[0.573s] INFO:colcon.colcon_core.plugin_system:Skipping extension 'colcon_core.shell.bat': Not used on non-Windows systems
[0.573s] INFO:colcon.colcon_core.shell:Creating environment hook '/home/yuhan/lab_2025/install/cv_basics/share/cv_basics/hook/ament_prefix_path.ps1'
[0.574s] INFO:colcon.colcon_core.shell:Creating environment descriptor '/home/yuhan/lab_2025/install/cv_basics/share/cv_basics/hook/ament_prefix_path.dsv'
[0.574s] INFO:colcon.colcon_core.shell:Creating environment hook '/home/yuhan/lab_2025/install/cv_basics/share/cv_basics/hook/ament_prefix_path.sh'
[0.575s] INFO:colcon.colcon_core.shell:Skip shell extension 'powershell' for command environment: Not usable outside of PowerShell
[0.575s] DEBUG:colcon.colcon_core.shell:Skip shell extension 'dsv' for command environment
[0.578s] INFO:colcon.colcon_ros.task.ament_cmake.build:Building ROS package in '/home/yuhan/lab_2025/src/two_wheeled_robot' with build type 'ament_cmake'
[0.579s] INFO:colcon.colcon_cmake.task.cmake.build:Building CMake package in '/home/yuhan/lab_2025/src/two_wheeled_robot'
[0.579s] INFO:colcon.colcon_core.shell:Skip shell extension 'powershell' for command environment: Not usable outside of PowerShell
[0.579s] DEBUG:colcon.colcon_core.shell:Skip shell extension 'dsv' for command environment
[0.806s] INFO:colcon.colcon_core.task.python.build:Building Python package in '/home/yuhan/lab_2025/src/cv_basics'
[0.806s] INFO:colcon.colcon_core.shell:Skip shell extension 'powershell' for command environment: Not usable outside of PowerShell
[0.806s] DEBUG:colcon.colcon_core.shell:Skip shell extension 'dsv' for command environment
[0.813s] DEBUG:colcon.colcon_core.event_handler.log_command:Invoking command in '/home/yuhan/lab_2025/build/two_wheeled_robot': CMAKE_PREFIX_PATH=${CMAKE_PREFIX_PATH}:/opt/ros/humble /usr/bin/cmake /home/yuhan/lab_2025/src/two_wheeled_robot -DCMAKE_INSTALL_PREFIX=/home/yuhan/lab_2025/install/two_wheeled_robot
[1.124s] DEBUG:colcon.colcon_core.event_handler.log_command:Invoking command in '/home/yuhan/lab_2025/src/cv_basics': PYTHONPATH=/home/yuhan/lab_2025/build/cv_basics/prefix_override:/usr/lib/python3/dist-packages/colcon_core/task/python/colcon_distutils_commands:/home/yuhan/lab_2025/install/cv_basics/lib/python3.10/site-packages:${PYTHONPATH} /usr/bin/python3 -W ignore:setup.py install is deprecated -W ignore:easy_install command is deprecated setup.py egg_info --egg-base ../../build/cv_basics build --build-base /home/yuhan/lab_2025/build/cv_basics/build install --record /home/yuhan/lab_2025/build/cv_basics/install.log --single-version-externally-managed install_data
[1.397s] DEBUG:colcon.colcon_core.event_handler.log_command:Invoked command in '/home/yuhan/lab_2025/src/cv_basics' returned '0': PYTHONPATH=/home/yuhan/lab_2025/build/cv_basics/prefix_override:/usr/lib/python3/dist-packages/colcon_core/task/python/colcon_distutils_commands:/home/yuhan/lab_2025/install/cv_basics/lib/python3.10/site-packages:${PYTHONPATH} /usr/bin/python3 -W ignore:setup.py install is deprecated -W ignore:easy_install command is deprecated setup.py egg_info --egg-base ../../build/cv_basics build --build-base /home/yuhan/lab_2025/build/cv_basics/build install --record /home/yuhan/lab_2025/build/cv_basics/install.log --single-version-externally-managed install_data
[1.402s] Level 1:colcon.colcon_core.environment:checking '/home/yuhan/lab_2025/install/cv_basics' for CMake module files
[1.402s] Level 1:colcon.colcon_core.environment:checking '/home/yuhan/lab_2025/install/cv_basics' for CMake config files
[1.403s] Level 1:colcon.colcon_core.environment:checking '/home/yuhan/lab_2025/install/cv_basics/lib'
[1.403s] Level 1:colcon.colcon_core.environment:checking '/home/yuhan/lab_2025/install/cv_basics/bin'
[1.403s] Level 1:colcon.colcon_core.environment:checking '/home/yuhan/lab_2025/install/cv_basics/lib/pkgconfig/cv_basics.pc'
[1.403s] Level 1:colcon.colcon_core.environment:checking '/home/yuhan/lab_2025/install/cv_basics/lib/python3.10/site-packages'
[1.403s] Level 1:colcon.colcon_core.shell:create_environment_hook('cv_basics', 'pythonpath')
[1.403s] INFO:colcon.colcon_core.shell:Creating environment hook '/home/yuhan/lab_2025/install/cv_basics/share/cv_basics/hook/pythonpath.ps1'
[1.404s] INFO:colcon.colcon_core.shell:Creating environment descriptor '/home/yuhan/lab_2025/install/cv_basics/share/cv_basics/hook/pythonpath.dsv'
[1.404s] INFO:colcon.colcon_core.shell:Creating environment hook '/home/yuhan/lab_2025/install/cv_basics/share/cv_basics/hook/pythonpath.sh'
[1.404s] Level 1:colcon.colcon_core.environment:checking '/home/yuhan/lab_2025/install/cv_basics/bin'
[1.405s] Level 1:colcon.colcon_core.environment:create_environment_scripts_only(cv_basics)
[1.405s] INFO:colcon.colcon_core.shell:Creating package script '/home/yuhan/lab_2025/install/cv_basics/share/cv_basics/package.ps1'
[1.406s] INFO:colcon.colcon_core.shell:Creating package descriptor '/home/yuhan/lab_2025/install/cv_basics/share/cv_basics/package.dsv'
[1.407s] INFO:colcon.colcon_core.shell:Creating package script '/home/yuhan/lab_2025/install/cv_basics/share/cv_basics/package.sh'
[1.408s] INFO:colcon.colcon_core.shell:Creating package script '/home/yuhan/lab_2025/install/cv_basics/share/cv_basics/package.bash'
[1.409s] INFO:colcon.colcon_core.shell:Creating package script '/home/yuhan/lab_2025/install/cv_basics/share/cv_basics/package.zsh'
[1.410s] Level 1:colcon.colcon_core.environment:create_file_with_runtime_dependencies(/home/yuhan/lab_2025/install/cv_basics/share/colcon-core/packages/cv_basics)
[3.025s] DEBUG:colcon.colcon_core.event_handler.log_command:Invoked command in '/home/yuhan/lab_2025/build/two_wheeled_robot' returned '0': CMAKE_PREFIX_PATH=${CMAKE_PREFIX_PATH}:/opt/ros/humble /usr/bin/cmake /home/yuhan/lab_2025/src/two_wheeled_robot -DCMAKE_INSTALL_PREFIX=/home/yuhan/lab_2025/install/two_wheeled_robot
[3.025s] DEBUG:colcon.colcon_core.event_handler.log_command:Invoking command in '/home/yuhan/lab_2025/build/two_wheeled_robot': CMAKE_PREFIX_PATH=${CMAKE_PREFIX_PATH}:/opt/ros/humble /usr/bin/cmake --build /home/yuhan/lab_2025/build/two_wheeled_robot -- -j20 -l20
[3.065s] DEBUG:colcon.colcon_core.event_handler.log_command:Invoked command in '/home/yuhan/lab_2025/build/two_wheeled_robot' returned '0': CMAKE_PREFIX_PATH=${CMAKE_PREFIX_PATH}:/opt/ros/humble /usr/bin/cmake --build /home/yuhan/lab_2025/build/two_wheeled_robot -- -j20 -l20
[3.079s] DEBUG:colcon.colcon_core.event_handler.log_command:Invoking command in '/home/yuhan/lab_2025/build/two_wheeled_robot': CMAKE_PREFIX_PATH=${CMAKE_PREFIX_PATH}:/opt/ros/humble /usr/bin/cmake --install /home/yuhan/lab_2025/build/two_wheeled_robot
[4.738s] Level 1:colcon.colcon_core.environment:create_environment_scripts_only(two_wheeled_robot)
[4.738s] Level 1:colcon.colcon_core.environment:checking '/home/yuhan/lab_2025/install/two_wheeled_robot' for CMake module files
[4.738s] DEBUG:colcon.colcon_core.event_handler.log_command:Invoked command in '/home/yuhan/lab_2025/build/two_wheeled_robot' returned '0': CMAKE_PREFIX_PATH=${CMAKE_PREFIX_PATH}:/opt/ros/humble /usr/bin/cmake --install /home/yuhan/lab_2025/build/two_wheeled_robot
[4.739s] Level 1:colcon.colcon_core.environment:checking '/home/yuhan/lab_2025/install/two_wheeled_robot' for CMake config files
[4.751s] Level 1:colcon.colcon_core.shell:create_environment_hook('two_wheeled_robot', 'cmake_prefix_path')
[4.751s] INFO:colcon.colcon_core.shell:Creating environment hook '/home/yuhan/lab_2025/install/two_wheeled_robot/share/two_wheeled_robot/hook/cmake_prefix_path.ps1'
[4.751s] INFO:colcon.colcon_core.shell:Creating environment descriptor '/home/yuhan/lab_2025/install/two_wheeled_robot/share/two_wheeled_robot/hook/cmake_prefix_path.dsv'
[4.752s] INFO:colcon.colcon_core.shell:Creating environment hook '/home/yuhan/lab_2025/install/two_wheeled_robot/share/two_wheeled_robot/hook/cmake_prefix_path.sh'
[4.752s] Level 1:colcon.colcon_core.environment:checking '/home/yuhan/lab_2025/install/two_wheeled_robot/bin'
[4.752s] Level 1:colcon.colcon_core.environment:checking '/home/yuhan/lab_2025/install/two_wheeled_robot/lib/pkgconfig/two_wheeled_robot.pc'
[4.752s] Level 1:colcon.colcon_core.environment:checking '/home/yuhan/lab_2025/install/two_wheeled_robot/lib/python3.10/site-packages'
[4.753s] Level 1:colcon.colcon_core.environment:checking '/home/yuhan/lab_2025/install/two_wheeled_robot/bin'
[4.753s] INFO:colcon.colcon_core.shell:Creating package script '/home/yuhan/lab_2025/install/two_wheeled_robot/share/two_wheeled_robot/package.ps1'
[4.753s] INFO:colcon.colcon_core.shell:Creating package descriptor '/home/yuhan/lab_2025/install/two_wheeled_robot/share/two_wheeled_robot/package.dsv'
[4.753s] INFO:colcon.colcon_core.shell:Creating package script '/home/yuhan/lab_2025/install/two_wheeled_robot/share/two_wheeled_robot/package.sh'
[4.754s] INFO:colcon.colcon_core.shell:Creating package script '/home/yuhan/lab_2025/install/two_wheeled_robot/share/two_wheeled_robot/package.bash'
[4.754s] INFO:colcon.colcon_core.shell:Creating package script '/home/yuhan/lab_2025/install/two_wheeled_robot/share/two_wheeled_robot/package.zsh'
[4.754s] Level 1:colcon.colcon_core.environment:create_file_with_runtime_dependencies(/home/yuhan/lab_2025/install/two_wheeled_robot/share/colcon-core/packages/two_wheeled_robot)
[4.755s] Level 1:colcon.colcon_core.environment:create_environment_scripts_only(two_wheeled_robot)
[4.755s] Level 1:colcon.colcon_core.environment:checking '/home/yuhan/lab_2025/install/two_wheeled_robot' for CMake module files
[4.755s] Level 1:colcon.colcon_core.environment:checking '/home/yuhan/lab_2025/install/two_wheeled_robot' for CMake config files
[4.766s] Level 1:colcon.colcon_core.shell:create_environment_hook('two_wheeled_robot', 'cmake_prefix_path')
[4.766s] INFO:colcon.colcon_core.shell:Creating environment hook '/home/yuhan/lab_2025/install/two_wheeled_robot/share/two_wheeled_robot/hook/cmake_prefix_path.ps1'
[4.767s] INFO:colcon.colcon_core.shell:Creating environment descriptor '/home/yuhan/lab_2025/install/two_wheeled_robot/share/two_wheeled_robot/hook/cmake_prefix_path.dsv'
[4.767s] INFO:colcon.colcon_core.shell:Creating environment hook '/home/yuhan/lab_2025/install/two_wheeled_robot/share/two_wheeled_robot/hook/cmake_prefix_path.sh'
[4.767s] Level 1:colcon.colcon_core.environment:checking '/home/yuhan/lab_2025/install/two_wheeled_robot/bin'
[4.767s] Level 1:colcon.colcon_core.environment:checking '/home/yuhan/lab_2025/install/two_wheeled_robot/lib/pkgconfig/two_wheeled_robot.pc'
[4.768s] Level 1:colcon.colcon_core.environment:checking '/home/yuhan/lab_2025/install/two_wheeled_robot/lib/python3.10/site-packages'
[4.768s] Level 1:colcon.colcon_core.environment:checking '/home/yuhan/lab_2025/install/two_wheeled_robot/bin'
[4.768s] INFO:colcon.colcon_core.shell:Creating package script '/home/yuhan/lab_2025/install/two_wheeled_robot/share/two_wheeled_robot/package.ps1'
[4.769s] INFO:colcon.colcon_core.shell:Creating package descriptor '/home/yuhan/lab_2025/install/two_wheeled_robot/share/two_wheeled_robot/package.dsv'
[4.769s] INFO:colcon.colcon_core.shell:Creating package script '/home/yuhan/lab_2025/install/two_wheeled_robot/share/two_wheeled_robot/package.sh'
[4.769s] INFO:colcon.colcon_core.shell:Creating package script '/home/yuhan/lab_2025/install/two_wheeled_robot/share/two_wheeled_robot/package.bash'
[4.770s] INFO:colcon.colcon_core.shell:Creating package script '/home/yuhan/lab_2025/install/two_wheeled_robot/share/two_wheeled_robot/package.zsh'
[4.770s] Level 1:colcon.colcon_core.environment:create_file_with_runtime_dependencies(/home/yuhan/lab_2025/install/two_wheeled_robot/share/colcon-core/packages/two_wheeled_robot)
[4.770s] DEBUG:colcon.colcon_parallel_executor.executor.parallel:closing loop
[4.770s] DEBUG:colcon.colcon_parallel_executor.executor.parallel:loop closed
[4.770s] DEBUG:colcon.colcon_parallel_executor.executor.parallel:run_until_complete finished with '0'
[4.770s] DEBUG:colcon.colcon_core.event_reactor:joining thread
[4.775s] INFO:colcon.colcon_core.plugin_system:Skipping extension 'colcon_notification.desktop_notification.terminal_notifier': Not used on non-Darwin systems
[4.776s] INFO:colcon.colcon_core.plugin_system:Skipping extension 'colcon_notification.desktop_notification.win32': Not used on non-Windows systems
[4.776s] INFO:colcon.colcon_notification.desktop_notification:Sending desktop notification using 'notify2'
[4.790s] DEBUG:colcon.colcon_core.event_reactor:joined thread
[4.791s] INFO:colcon.colcon_core.shell:Creating prefix script '/home/yuhan/lab_2025/install/local_setup.ps1'
[4.792s] INFO:colcon.colcon_core.shell:Creating prefix util module '/home/yuhan/lab_2025/install/_local_setup_util_ps1.py'
[4.793s] INFO:colcon.colcon_core.shell:Creating prefix chain script '/home/yuhan/lab_2025/install/setup.ps1'
[4.795s] INFO:colcon.colcon_core.shell:Creating prefix script '/home/yuhan/lab_2025/install/local_setup.sh'
[4.795s] INFO:colcon.colcon_core.shell:Creating prefix util module '/home/yuhan/lab_2025/install/_local_setup_util_sh.py'
[4.796s] INFO:colcon.colcon_core.shell:Creating prefix chain script '/home/yuhan/lab_2025/install/setup.sh'
[4.797s] INFO:colcon.colcon_core.shell:Creating prefix script '/home/yuhan/lab_2025/install/local_setup.bash'
[4.798s] INFO:colcon.colcon_core.shell:Creating prefix chain script '/home/yuhan/lab_2025/install/setup.bash'
[4.799s] INFO:colcon.colcon_core.shell:Creating prefix script '/home/yuhan/lab_2025/install/local_setup.zsh'
[4.799s] INFO:colcon.colcon_core.shell:Creating prefix chain script '/home/yuhan/lab_2025/install/setup.zsh'
