running egg_info
creating ../../build/cv_basics/cv_basics.egg-info
writing ../../build/cv_basics/cv_basics.egg-info/PKG-INFO
writing dependency_links to ../../build/cv_basics/cv_basics.egg-info/dependency_links.txt
writing entry points to ../../build/cv_basics/cv_basics.egg-info/entry_points.txt
writing requirements to ../../build/cv_basics/cv_basics.egg-info/requires.txt
writing top-level names to ../../build/cv_basics/cv_basics.egg-info/top_level.txt
writing manifest file '../../build/cv_basics/cv_basics.egg-info/SOURCES.txt'
reading manifest file '../../build/cv_basics/cv_basics.egg-info/SOURCES.txt'
writing manifest file '../../build/cv_basics/cv_basics.egg-info/SOURCES.txt'
running build
running build_py
creating /home/yuhan/lab_2025/build/cv_basics/build
creating /home/yuhan/lab_2025/build/cv_basics/build/lib
creating /home/yuhan/lab_2025/build/cv_basics/build/lib/cv_basics
copying cv_basics/service.py -> /home/yuhan/lab_2025/build/cv_basics/build/lib/cv_basics
copying cv_basics/inference_pytorch_background.py -> /home/yuhan/lab_2025/build/cv_basics/build/lib/cv_basics
copying cv_basics/__init__.py -> /home/yuhan/lab_2025/build/cv_basics/build/lib/cv_basics
copying cv_basics/module_ROS.py -> /home/yuhan/lab_2025/build/cv_basics/build/lib/cv_basics
running install
running install_lib
creating /home/yuhan/lab_2025/install/cv_basics/lib/python3.10/site-packages/cv_basics
copying /home/yuhan/lab_2025/build/cv_basics/build/lib/cv_basics/service.py -> /home/yuhan/lab_2025/install/cv_basics/lib/python3.10/site-packages/cv_basics
copying /home/yuhan/lab_2025/build/cv_basics/build/lib/cv_basics/inference_pytorch_background.py -> /home/yuhan/lab_2025/install/cv_basics/lib/python3.10/site-packages/cv_basics
copying /home/yuhan/lab_2025/build/cv_basics/build/lib/cv_basics/__init__.py -> /home/yuhan/lab_2025/install/cv_basics/lib/python3.10/site-packages/cv_basics
copying /home/yuhan/lab_2025/build/cv_basics/build/lib/cv_basics/module_ROS.py -> /home/yuhan/lab_2025/install/cv_basics/lib/python3.10/site-packages/cv_basics
byte-compiling /home/yuhan/lab_2025/install/cv_basics/lib/python3.10/site-packages/cv_basics/service.py to service.cpython-310.pyc
byte-compiling /home/yuhan/lab_2025/install/cv_basics/lib/python3.10/site-packages/cv_basics/inference_pytorch_background.py to inference_pytorch_background.cpython-310.pyc
byte-compiling /home/yuhan/lab_2025/install/cv_basics/lib/python3.10/site-packages/cv_basics/__init__.py to __init__.cpython-310.pyc
byte-compiling /home/yuhan/lab_2025/install/cv_basics/lib/python3.10/site-packages/cv_basics/module_ROS.py to module_ROS.cpython-310.pyc
running install_data
creating /home/yuhan/lab_2025/install/cv_basics/share/ament_index
creating /home/yuhan/lab_2025/install/cv_basics/share/ament_index/resource_index
creating /home/yuhan/lab_2025/install/cv_basics/share/ament_index/resource_index/packages
copying resource/cv_basics -> /home/yuhan/lab_2025/install/cv_basics/share/ament_index/resource_index/packages
copying package.xml -> /home/yuhan/lab_2025/install/cv_basics/share/cv_basics
creating /home/yuhan/lab_2025/install/cv_basics/share/cv_basics/data
copying data/yolo11n.pt -> /home/yuhan/lab_2025/install/cv_basics/share/cv_basics/data
copying data/веса_в_эту_папку.txt -> /home/yuhan/lab_2025/install/cv_basics/share/cv_basics/data
running install_egg_info
Copying ../../build/cv_basics/cv_basics.egg-info to /home/yuhan/lab_2025/install/cv_basics/lib/python3.10/site-packages/cv_basics-0.0.0-py3.10.egg-info
running install_scripts
Installing inference_yolo_node script to /home/yuhan/lab_2025/install/cv_basics/lib/cv_basics
Installing module_ROS script to /home/yuhan/lab_2025/install/cv_basics/lib/cv_basics
Installing service script to /home/yuhan/lab_2025/install/cv_basics/lib/cv_basics
writing list of installed files to '/home/yuhan/lab_2025/build/cv_basics/install.log'
